<?xml version="1.0" encoding="utf-8"?><testsuites><testsuite errors="0" failures="0" hostname="marangoni-VirtualBox" name="pytest" skipped="0" tests="3" time="1.530" timestamp="2022-06-28T10:00:33.836702"><testcase classname="examples_rclpy_executors.executors.test.test_copyright" name="test_copyright" time="0.205"><system-out>No problems found, checked 10 files
</system-out></testcase><testcase classname="examples_rclpy_executors.executors.test.test_flake8" name="test_flake8" time="0.701"><system-out>
11 files checked
No problems found

Checked files:

* ./setup.py
* ./examples_rclpy_executors/__init__.py
* ./examples_rclpy_executors/talker.py
* ./examples_rclpy_executors/listener.py
* ./examples_rclpy_executors/composed.py
* ./examples_rclpy_executors/custom_callback_group.py
* ./examples_rclpy_executors/callback_group.py
* ./examples_rclpy_executors/custom_executor.py
* ./test/test_flake8.py
* ./test/test_pep257.py
* ./test/test_copyright.py
</system-out></testcase><testcase classname="examples_rclpy_executors.executors.test.test_pep257" name="test_pep257" time="0.144"><system-out>checking ./examples_rclpy_executors/__init__.py
checking ./examples_rclpy_executors/callback_group.py
checking ./examples_rclpy_executors/composed.py
checking ./examples_rclpy_executors/custom_callback_group.py
checking ./examples_rclpy_executors/custom_executor.py
checking ./examples_rclpy_executors/listener.py
checking ./examples_rclpy_executors/talker.py
checking ./setup.py
checking ./test/test_copyright.py
checking ./test/test_flake8.py
checking ./test/test_pep257.py
No problems found
</system-out></testcase></testsuite></testsuites>